2017-03-05 12:11:14 Debug: Notice (8): Undefined offset: 2 in [C:\xampp\htdocs\cake\app\Controller\NetsController.php, line 32]
Trace:
NetsController::index() - APP\Controller\NetsController.php, line 32
ReflectionMethod::invokeArgs() - [internal], line ??
Controller::invokeAction() - CORE\Cake\Controller\Controller.php, line 490
Dispatcher::_invoke() - CORE\Cake\Routing\Dispatcher.php, line 193
Dispatcher::dispatch() - CORE\Cake\Routing\Dispatcher.php, line 167
[main] - APP\webroot\index.php, line 118

2017-03-05 12:11:14 Debug: Notice (8): Undefined offset: 2 in [C:\xampp\htdocs\cake\app\Controller\NetsController.php, line 32]
Trace:
NetsController::index() - APP\Controller\NetsController.php, line 32
ReflectionMethod::invokeArgs() - [internal], line ??
Controller::invokeAction() - CORE\Cake\Controller\Controller.php, line 490
Dispatcher::_invoke() - CORE\Cake\Routing\Dispatcher.php, line 193
Dispatcher::dispatch() - CORE\Cake\Routing\Dispatcher.php, line 167
[main] - APP\webroot\index.php, line 118

2017-03-05 12:11:14 Debug: Notice (8): Array to string conversion in [C:\xampp\htdocs\cake\app\Controller\NetsController.php, line 34]
Trace:
array_diff - [internal], line ??
NetsController::index() - APP\Controller\NetsController.php, line 34
ReflectionMethod::invokeArgs() - [internal], line ??
Controller::invokeAction() - CORE\Cake\Controller\Controller.php, line 490
Dispatcher::_invoke() - CORE\Cake\Routing\Dispatcher.php, line 193
Dispatcher::dispatch() - CORE\Cake\Routing\Dispatcher.php, line 167
[main] - APP\webroot\index.php, line 118

2017-03-05 12:11:14 Debug: Notice (8): Array to string conversion in [C:\xampp\htdocs\cake\app\Controller\NetsController.php, line 34]
Trace:
array_diff - [internal], line ??
NetsController::index() - APP\Controller\NetsController.php, line 34
ReflectionMethod::invokeArgs() - [internal], line ??
Controller::invokeAction() - CORE\Cake\Controller\Controller.php, line 490
Dispatcher::_invoke() - CORE\Cake\Routing\Dispatcher.php, line 193
Dispatcher::dispatch() - CORE\Cake\Routing\Dispatcher.php, line 167
[main] - APP\webroot\index.php, line 118

2017-03-05 12:11:14 Debug: Notice (8): Array to string conversion in [C:\xampp\htdocs\cake\app\Controller\NetsController.php, line 34]
Trace:
array_diff - [internal], line ??
NetsController::index() - APP\Controller\NetsController.php, line 34
ReflectionMethod::invokeArgs() - [internal], line ??
Controller::invokeAction() - CORE\Cake\Controller\Controller.php, line 490
Dispatcher::_invoke() - CORE\Cake\Routing\Dispatcher.php, line 193
Dispatcher::dispatch() - CORE\Cake\Routing\Dispatcher.php, line 167
[main] - APP\webroot\index.php, line 118

2017-03-05 12:11:14 Debug: Notice (8): Array to string conversion in [C:\xampp\htdocs\cake\app\Controller\NetsController.php, line 34]
Trace:
array_diff - [internal], line ??
NetsController::index() - APP\Controller\NetsController.php, line 34
ReflectionMethod::invokeArgs() - [internal], line ??
Controller::invokeAction() - CORE\Cake\Controller\Controller.php, line 490
Dispatcher::_invoke() - CORE\Cake\Routing\Dispatcher.php, line 193
Dispatcher::dispatch() - CORE\Cake\Routing\Dispatcher.php, line 167
[main] - APP\webroot\index.php, line 118

2017-03-05 12:11:14 Debug: Notice (8): Array to string conversion in [C:\xampp\htdocs\cake\app\Controller\NetsController.php, line 34]
Trace:
array_diff - [internal], line ??
NetsController::index() - APP\Controller\NetsController.php, line 34
ReflectionMethod::invokeArgs() - [internal], line ??
Controller::invokeAction() - CORE\Cake\Controller\Controller.php, line 490
Dispatcher::_invoke() - CORE\Cake\Routing\Dispatcher.php, line 193
Dispatcher::dispatch() - CORE\Cake\Routing\Dispatcher.php, line 167
[main] - APP\webroot\index.php, line 118

2017-03-05 12:11:14 Debug: Notice (8): Array to string conversion in [C:\xampp\htdocs\cake\app\Controller\NetsController.php, line 34]
Trace:
array_diff - [internal], line ??
NetsController::index() - APP\Controller\NetsController.php, line 34
ReflectionMethod::invokeArgs() - [internal], line ??
Controller::invokeAction() - CORE\Cake\Controller\Controller.php, line 490
Dispatcher::_invoke() - CORE\Cake\Routing\Dispatcher.php, line 193
Dispatcher::dispatch() - CORE\Cake\Routing\Dispatcher.php, line 167
[main] - APP\webroot\index.php, line 118

